<?xml version="1.0" encoding="UTF-8"?>
<!-- Generated by org.testng.reporters.JUnitReportReporter -->
<testsuite skipped="0" hostname="ShinyPC" name="com.ta.listeners.TestNG_Listeners" tests="2" failures="0" timestamp="2020-10-22T02:07:18 CDT" time="22.410" errors="0">
  <testcase name="SalesforcepageWebsite" time="10.067" classname="com.ta.listeners.TestNG_Listeners"/>
  <system-out/>
  <testcase name="LoginPage" time="12.343" classname="com.ta.listeners.TestNG_Listeners"/>
  <system-out/>
</testsuite> <!-- com.ta.listeners.TestNG_Listeners -->
